Base path: '/Applications/Unity/Hub/Editor/2019.4.12f1/Unity.app/Contents', plugins path '/Applications/Unity/Hub/Editor/2019.4.12f1/PlaybackEngines'
Cmd: initializeCompiler
Cmd: compileComputeKernel
  api=14 insize=18731 outsize=9370 ok=1
Cmd: translateComputeKernel
  api=14 insize=11282 outsize=24784 ok=1
Cmd: compileComputeKernel
  api=14 insize=12109 outsize=3227 ok=1
Cmd: compileComputeKernel
  api=14 insize=12109 outsize=3203 ok=1
Cmd: compileComputeKernel
  api=14 insize=12109 outsize=3204 ok=1
Cmd: translateComputeKernel
  api=14 insize=2985 outsize=2782 ok=1
Cmd: translateComputeKernel
  api=14 insize=3830 outsize=4087 ok=1
Cmd: translateComputeKernel
  api=14 insize=4370 outsize=5446 ok=1
Cmd: compileComputeKernel
  api=14 insize=11985 outsize=2853 ok=1
Cmd: compileComputeKernel
  api=14 insize=11985 outsize=3293 ok=1
Cmd: compileComputeKernel
  api=14 insize=11985 outsize=2882 ok=1
Cmd: compileComputeKernel
  api=14 insize=11985 outsize=2916 ok=1
Cmd: translateComputeKernel
  api=14 insize=2923 outsize=3389 ok=1
Cmd: translateComputeKernel
  api=14 insize=2923 outsize=3393 ok=1
Cmd: translateComputeKernel
  api=14 insize=2955 outsize=3435 ok=1
Cmd: translateComputeKernel
  api=14 insize=2953 outsize=3434 ok=1
Cmd: translateComputeKernel
  api=14 insize=3074 outsize=3648 ok=1
Cmd: compileComputeKernel
  api=14 insize=18301 outsize=4711 ok=1
Cmd: compileComputeKernel
  api=14 insize=18301 outsize=7173 ok=1
Cmd: translateComputeKernel
  api=14 insize=4909 outsize=8028 ok=1
Cmd: translateComputeKernel
  api=14 insize=7267 outsize=12636 ok=1
Cmd: translateComputeKernel
  api=14 insize=11445 outsize=22657 ok=1
Cmd: compileComputeKernel
  api=14 insize=66874 outsize=15351 ok=1
Cmd: compileComputeKernel
  api=14 insize=66874 outsize=3417 ok=1
Cmd: compileComputeKernel
  api=14 insize=66874 outsize=3814 ok=1
Cmd: compileComputeKernel
  api=14 insize=66874 outsize=3577 ok=1
Cmd: compileComputeKernel
  api=14 insize=66874 outsize=3443 ok=1
Cmd: compileComputeKernel
  api=14 insize=66874 outsize=3519 ok=1
Cmd: compileComputeKernel
  api=14 insize=66874 outsize=4051 ok=1
Cmd: compileComputeKernel
  api=14 insize=66874 outsize=4051 ok=1
Cmd: compileComputeKernel
  api=14 insize=66874 outsize=4080 ok=1
Cmd: compileComputeKernel
  api=14 insize=66874 outsize=4230 ok=1
Cmd: compileComputeKernel
  api=14 insize=66874 outsize=3433 ok=1
Cmd: compileComputeKernel
  api=14 insize=66874 outsize=3434 ok=1
Cmd: compileComputeKernel
  api=14 insize=66874 outsize=3726 ok=1
Cmd: compileComputeKernel
  api=14 insize=66874 outsize=3559 ok=1
Cmd: compileComputeKernel
  api=14 insize=66874 outsize=3514 ok=1
Cmd: translateComputeKernel
  api=14 insize=15865 outsize=28113 ok=1
Cmd: compileComputeKernel
  api=14 insize=72903 outsize=4088 ok=1
Cmd: translateComputeKernel
  api=14 insize=8155 outsize=13705 ok=1
Cmd: compileComputeKernel
  api=14 insize=34089 outsize=2244 ok=1
Cmd: compileComputeKernel
  api=14 insize=34089 outsize=2242 ok=1
Cmd: compileComputeKernel
  api=14 insize=34089 outsize=2278 ok=1
Cmd: compileComputeKernel
  api=14 insize=34089 outsize=2326 ok=1
Cmd: compileComputeKernel
  api=14 insize=34089 outsize=2221 ok=1
Cmd: compileComputeKernel
  api=14 insize=34089 outsize=1205 ok=1
Cmd: compileComputeKernel
  api=14 insize=34089 outsize=2188 ok=1
Cmd: compileComputeKernel
  api=14 insize=34089 outsize=2741 ok=1
Cmd: compileComputeKernel
  api=14 insize=34089 outsize=3433 ok=1
Cmd: compileComputeKernel
  api=14 insize=34089 outsize=2841 ok=1
Cmd: compileComputeKernel
  api=14 insize=34089 outsize=2937 ok=1
Cmd: compileComputeKernel
  api=14 insize=34089 outsize=2783 ok=1
Cmd: compileComputeKernel
  api=14 insize=34089 outsize=2756 ok=1
Cmd: compileComputeKernel
  api=14 insize=34089 outsize=3103 ok=1
Cmd: translateComputeKernel
  api=14 insize=1403 outsize=1229 ok=1
Cmd: translateComputeKernel
  api=14 insize=2349 outsize=2038 ok=1
Cmd: translateComputeKernel
  api=14 insize=2637 outsize=2490 ok=1
Cmd: translateComputeKernel
  api=14 insize=2476 outsize=2278 ok=1
Cmd: translateComputeKernel
  api=14 insize=2428 outsize=2185 ok=1
Cmd: translateComputeKernel
  api=14 insize=2385 outsize=2092 ok=1
Cmd: translateComputeKernel
  api=14 insize=2862 outsize=3276 ok=1
Cmd: translateComputeKernel
  api=14 insize=2837 outsize=2803 ok=1
Cmd: translateComputeKernel
  api=14 insize=3153 outsize=3501 ok=1
Cmd: translateComputeKernel
  api=14 insize=2996 outsize=3280 ok=1
Cmd: translateComputeKernel
  api=14 insize=2962 outsize=3232 ok=1
Cmd: translateComputeKernel
  api=14 insize=2921 outsize=3334 ok=1
Cmd: translateComputeKernel
  api=14 insize=2949 outsize=3371 ok=1
Cmd: translateComputeKernel
  api=14 insize=2938 outsize=3356 ok=1
Cmd: compileComputeKernel
  api=14 insize=79248 outsize=9312 ok=1
Cmd: compileComputeKernel
  api=14 insize=79248 outsize=23485 ok=1
Cmd: compileComputeKernel
  api=14 insize=79248 outsize=36218 ok=1
Cmd: translateComputeKernel
  api=14 insize=12863 outsize=22612 ok=1
Cmd: translateComputeKernel
  api=14 insize=35531 outsize=69464 ok=1
Cmd: compileComputeKernel
  api=14 insize=4442 outsize=3014 ok=1
Cmd: translateComputeKernel
  api=14 insize=3072 outsize=3951 ok=1
Cmd: compileSnippet
  api=14 type=0 insize=1302 outsize=3968 kw=UNITY_PASS_SHADOWCASTER SHADOWS_DEPTH INSTANCING_ON pd=UNITY_ENABLE_REFLECTION_BUFFERS UNITY_USE_DITHER_MASK_FOR_ALPHABLENDED_SHADOWS UNITY_PBS_USE_BRDF1 UNITY_SPECCUBE_BOX_PROJECTION UNITY_SPECCUBE_BLENDING UNITY_ENABLE_DETAIL_NORMALMAP SHADER_API_DESKTOP UNITY_COLORSPACE_GAMMA UNITY_LIGHT_PROBE_PROXY_VOLUME UNITY_LIGHTMAP_FULL_HDR ok=1
Cmd: compileSnippet
  api=14 type=0 insize=713 outsize=1069 kw= pd=UNITY_ENABLE_REFLECTION_BUFFERS UNITY_USE_DITHER_MASK_FOR_ALPHABLENDED_SHADOWS UNITY_PBS_USE_BRDF1 UNITY_SPECCUBE_BOX_PROJECTION UNITY_SPECCUBE_BLENDING UNITY_ENABLE_DETAIL_NORMALMAP SHADER_API_DESKTOP UNITY_COLORSPACE_GAMMA UNITY_LIGHT_PROBE_PROXY_VOLUME UNITY_LIGHTMAP_FULL_HDR ok=1
Cmd: compileSnippet
  api=14 type=0 insize=1224 outsize=1622 kw=UNITY_HDR_ON pd=UNITY_ENABLE_REFLECTION_BUFFERS UNITY_USE_DITHER_MASK_FOR_ALPHABLENDED_SHADOWS UNITY_PBS_USE_BRDF1 UNITY_SPECCUBE_BOX_PROJECTION UNITY_SPECCUBE_BLENDING UNITY_ENABLE_DETAIL_NORMALMAP SHADER_API_DESKTOP UNITY_COLORSPACE_GAMMA UNITY_LIGHT_PROBE_PROXY_VOLUME UNITY_LIGHTMAP_FULL_HDR ok=1
Cmd: compileSnippet
  api=14 type=1 insize=11846 outsize=11918 kw=SHADOWS_SPLIT_SPHERES pd=UNITY_ENABLE_REFLECTION_BUFFERS UNITY_USE_DITHER_MASK_FOR_ALPHABLENDED_SHADOWS UNITY_PBS_USE_BRDF1 UNITY_SPECCUBE_BOX_PROJECTION UNITY_SPECCUBE_BLENDING UNITY_ENABLE_DETAIL_NORMALMAP SHADER_API_DESKTOP UNITY_COLORSPACE_GAMMA UNITY_LIGHT_PROBE_PROXY_VOLUME UNITY_LIGHTMAP_FULL_HDR ok=1
Cmd: compileSnippet
  api=14 type=1 insize=1402 outsize=1400 kw=UNITY_PASS_FORWARDBASE _EMISSION SOFTPARTICLES_ON _ALPHABLEND_ON pd=UNITY_ENABLE_REFLECTION_BUFFERS UNITY_USE_DITHER_MASK_FOR_ALPHABLENDED_SHADOWS UNITY_PBS_USE_BRDF1 UNITY_SPECCUBE_BOX_PROJECTION UNITY_SPECCUBE_BLENDING UNITY_ENABLE_DETAIL_NORMALMAP SHADER_API_DESKTOP UNITY_COLORSPACE_GAMMA UNITY_LIGHT_PROBE_PROXY_VOLUME UNITY_LIGHTMAP_FULL_HDR ok=1
