Base path: '/Applications/Unity/Hub/Editor/2019.4.12f1/Unity.app/Contents', plugins path '/Applications/Unity/Hub/Editor/2019.4.12f1/PlaybackEngines'
Cmd: initializeCompiler
Cmd: compileComputeKernel
  api=14 insize=18731 outsize=9678 ok=1
Cmd: translateComputeKernel
  api=14 insize=9901 outsize=16826 ok=1
Cmd: translateComputeKernel
  api=14 insize=11447 outsize=25070 ok=1
Cmd: compileComputeKernel
  api=14 insize=5032 outsize=5525 ok=1
Cmd: compileComputeKernel
  api=14 insize=12109 outsize=2774 ok=1
Cmd: compileComputeKernel
  api=14 insize=12109 outsize=3779 ok=1
Cmd: compileComputeKernel
  api=14 insize=12109 outsize=2988 ok=1
Cmd: translateComputeKernel
  api=14 insize=3121 outsize=3116 ok=1
Cmd: translateComputeKernel
  api=14 insize=3781 outsize=4032 ok=1
Cmd: translateComputeKernel
  api=14 insize=4138 outsize=5507 ok=1
Cmd: compileComputeKernel
  api=14 insize=11985 outsize=2857 ok=1
Cmd: compileComputeKernel
  api=14 insize=11985 outsize=2853 ok=1
Cmd: compileComputeKernel
  api=14 insize=11985 outsize=2885 ok=1
Cmd: compileComputeKernel
  api=14 insize=11985 outsize=2887 ok=1
Cmd: compileComputeKernel
  api=14 insize=11985 outsize=3004 ok=1
Cmd: translateComputeKernel
  api=14 insize=2923 outsize=3389 ok=1
Cmd: translateComputeKernel
  api=14 insize=2923 outsize=3393 ok=1
Cmd: translateComputeKernel
  api=14 insize=2960 outsize=3441 ok=1
Cmd: translateComputeKernel
  api=14 insize=3069 outsize=3627 ok=1
Cmd: compileComputeKernel
  api=14 insize=18301 outsize=3785 ok=1
Cmd: compileComputeKernel
  api=14 insize=18301 outsize=4904 ok=1
Cmd: translateComputeKernel
  api=14 insize=4909 outsize=8064 ok=1
Cmd: translateComputeKernel
  api=14 insize=7837 outsize=13562 ok=1
Cmd: translateComputeKernel
  api=14 insize=48832 outsize=85732 ok=1
Cmd: compileComputeKernel
  api=14 insize=66874 outsize=5170 ok=1
Cmd: compileComputeKernel
  api=14 insize=66874 outsize=4611 ok=1
Cmd: compileComputeKernel
  api=14 insize=66874 outsize=3621 ok=1
Cmd: compileComputeKernel
  api=14 insize=66874 outsize=3593 ok=1
Cmd: compileComputeKernel
  api=14 insize=66874 outsize=4161 ok=1
Cmd: compileComputeKernel
  api=14 insize=66874 outsize=3779 ok=1
Cmd: compileComputeKernel
  api=14 insize=66874 outsize=3456 ok=1
Cmd: compileComputeKernel
  api=14 insize=66874 outsize=3419 ok=1
Cmd: compileComputeKernel
  api=14 insize=66874 outsize=3501 ok=1
Cmd: compileComputeKernel
  api=14 insize=66874 outsize=3515 ok=1
Cmd: compileComputeKernel
  api=14 insize=66874 outsize=4093 ok=1
Cmd: compileComputeKernel
  api=14 insize=66874 outsize=3416 ok=1
Cmd: compileComputeKernel
  api=14 insize=66874 outsize=3712 ok=1
Cmd: compileComputeKernel
  api=14 insize=66874 outsize=4051 ok=1
Cmd: compileComputeKernel
  api=14 insize=66874 outsize=4206 ok=1
Cmd: compileComputeKernel
  api=14 insize=66874 outsize=4229 ok=1
Cmd: compileComputeKernel
  api=14 insize=66874 outsize=3458 ok=1
Cmd: compileComputeKernel
  api=14 insize=66874 outsize=3474 ok=1
Cmd: compileComputeKernel
  api=14 insize=66874 outsize=3726 ok=1
Cmd: compileComputeKernel
  api=14 insize=66874 outsize=3912 ok=1
Cmd: compileComputeKernel
  api=14 insize=66874 outsize=3053 ok=1
Cmd: translateComputeKernel
  api=14 insize=5725 outsize=7247 ok=1
Cmd: translateComputeKernel
  api=14 insize=4363 outsize=4313 ok=1
Cmd: translateComputeKernel
  api=14 insize=5447 outsize=6208 ok=1
Cmd: translateComputeKernel
  api=14 insize=4443 outsize=4333 ok=1
Cmd: translateComputeKernel
  api=14 insize=4806 outsize=5538 ok=1
Cmd: translateComputeKernel
  api=14 insize=4548 outsize=4309 ok=1
Cmd: translateComputeKernel
  api=14 insize=4137 outsize=3751 ok=1
Cmd: translateComputeKernel
  api=14 insize=4100 outsize=3705 ok=1
Cmd: translateComputeKernel
  api=14 insize=4097 outsize=3709 ok=1
Cmd: translateComputeKernel
  api=14 insize=4123 outsize=3722 ok=1
Cmd: translateComputeKernel
  api=14 insize=4495 outsize=4366 ok=1
Cmd: translateComputeKernel
  api=14 insize=4228 outsize=3945 ok=1
Cmd: translateComputeKernel
  api=14 insize=4301 outsize=4000 ok=1
Cmd: translateComputeKernel
  api=14 insize=4097 outsize=3709 ok=1
Cmd: translateComputeKernel
  api=14 insize=4149 outsize=3750 ok=1
Cmd: translateComputeKernel
  api=14 insize=4702 outsize=4964 ok=1
Cmd: translateComputeKernel
  api=14 insize=5138 outsize=5756 ok=1
Cmd: translateComputeKernel
  api=14 insize=4735 outsize=5013 ok=1
Cmd: translateComputeKernel
  api=14 insize=4728 outsize=5006 ok=1
Cmd: translateComputeKernel
  api=14 insize=4877 outsize=5256 ok=1
Cmd: translateComputeKernel
  api=14 insize=4114 outsize=3769 ok=1
Cmd: translateComputeKernel
  api=14 insize=4729 outsize=5053 ok=1
Cmd: translateComputeKernel
  api=14 insize=4321 outsize=4107 ok=1
Cmd: translateComputeKernel
  api=14 insize=4647 outsize=4612 ok=1
Cmd: translateComputeKernel
  api=14 insize=4195 outsize=3905 ok=1
Cmd: translateComputeKernel
  api=14 insize=5284 outsize=5879 ok=1
Cmd: compileComputeKernel
  api=14 insize=72903 outsize=14036 ok=1
Cmd: translateComputeKernel
  api=14 insize=6800 outsize=11046 ok=1
Cmd: compileComputeKernel
  api=14 insize=3174 outsize=815 ok=1
Cmd: compileComputeKernel
  api=14 insize=34089 outsize=2244 ok=1
Cmd: compileComputeKernel
  api=14 insize=34089 outsize=2154 ok=1
Cmd: compileComputeKernel
  api=14 insize=34089 outsize=2629 ok=1
Cmd: compileComputeKernel
  api=14 insize=34089 outsize=1305 ok=1
Cmd: compileComputeKernel
  api=14 insize=34089 outsize=2316 ok=1
Cmd: compileComputeKernel
  api=14 insize=34089 outsize=1150 ok=1
Cmd: compileComputeKernel
  api=14 insize=34089 outsize=2249 ok=1
Cmd: compileComputeKernel
  api=14 insize=34089 outsize=2706 ok=1
Cmd: compileComputeKernel
  api=14 insize=34089 outsize=2730 ok=1
Cmd: compileComputeKernel
  api=14 insize=34089 outsize=2992 ok=1
Cmd: compileComputeKernel
  api=14 insize=34089 outsize=2812 ok=1
Cmd: compileComputeKernel
  api=14 insize=34089 outsize=2831 ok=1
Cmd: compileComputeKernel
  api=14 insize=34089 outsize=2783 ok=1
Cmd: compileComputeKernel
  api=14 insize=34089 outsize=2841 ok=1
Cmd: compileComputeKernel
  api=14 insize=34089 outsize=2796 ok=1
Cmd: translateComputeKernel
  api=14 insize=1410 outsize=1222 ok=1
Cmd: translateComputeKernel
  api=14 insize=2401 outsize=2145 ok=1
Cmd: translateComputeKernel
  api=14 insize=2378 outsize=2072 ok=1
Cmd: translateComputeKernel
  api=14 insize=1572 outsize=1447 ok=1
Cmd: translateComputeKernel
  api=14 insize=2694 outsize=2557 ok=1
Cmd: translateComputeKernel
  api=14 insize=2368 outsize=2070 ok=1
Cmd: translateComputeKernel
  api=14 insize=2383 outsize=2079 ok=1
Cmd: translateComputeKernel
  api=14 insize=2925 outsize=3160 ok=1
Cmd: translateComputeKernel
  api=14 insize=3121 outsize=3447 ok=1
Cmd: translateComputeKernel
  api=14 insize=3090 outsize=3585 ok=1
Cmd: translateComputeKernel
  api=14 insize=3045 outsize=3516 ok=1
Cmd: translateComputeKernel
  api=14 insize=2944 outsize=3195 ok=1
Cmd: translateComputeKernel
  api=14 insize=2881 outsize=3308 ok=1
Cmd: translateComputeKernel
  api=14 insize=2909 outsize=3345 ok=1
Cmd: translateComputeKernel
  api=14 insize=2898 outsize=3330 ok=1
Cmd: compileComputeKernel
  api=14 insize=79248 outsize=15948 ok=1
Cmd: compileComputeKernel
  api=14 insize=79248 outsize=26606 ok=1
Cmd: translateComputeKernel
  api=14 insize=15982 outsize=31874 ok=1
Cmd: translateComputeKernel
  api=14 insize=5858 outsize=9649 ok=1
Cmd: translateComputeKernel
  api=14 insize=5858 outsize=9675 ok=1
Cmd: translateComputeKernel
  api=14 insize=4542 outsize=6951 ok=1
Cmd: translateComputeKernel
  api=14 insize=5183 outsize=8954 ok=1
Cmd: translateComputeKernel
  api=14 insize=14277 outsize=27203 ok=1
Cmd: compileComputeKernel
  api=14 insize=4442 outsize=2858 ok=1
Cmd: translateComputeKernel
  api=14 insize=2858 outsize=3390 ok=1
Cmd: compileSnippet
  api=14 type=0 insize=1554 outsize=5581 kw=UNITY_PASS_DEFERRED LIGHTPROBE_SH UNITY_HDR_ON INSTANCING_ON pd=UNITY_ENABLE_REFLECTION_BUFFERS UNITY_USE_DITHER_MASK_FOR_ALPHABLENDED_SHADOWS UNITY_PBS_USE_BRDF1 UNITY_SPECCUBE_BOX_PROJECTION UNITY_SPECCUBE_BLENDING UNITY_ENABLE_DETAIL_NORMALMAP SHADER_API_DESKTOP UNITY_COLORSPACE_GAMMA UNITY_LIGHT_PROBE_PROXY_VOLUME UNITY_LIGHTMAP_FULL_HDR ok=1
Cmd: compileSnippet
  api=14 type=1 insize=1224 outsize=948 kw=UNITY_HDR_ON pd=UNITY_ENABLE_REFLECTION_BUFFERS UNITY_USE_DITHER_MASK_FOR_ALPHABLENDED_SHADOWS UNITY_PBS_USE_BRDF1 UNITY_SPECCUBE_BOX_PROJECTION UNITY_SPECCUBE_BLENDING UNITY_ENABLE_DETAIL_NORMALMAP SHADER_API_DESKTOP UNITY_COLORSPACE_GAMMA UNITY_LIGHT_PROBE_PROXY_VOLUME UNITY_LIGHTMAP_FULL_HDR ok=1
Cmd: compileSnippet
  api=14 type=0 insize=563 outsize=1069 kw= pd=UNITY_ENABLE_REFLECTION_BUFFERS UNITY_USE_DITHER_MASK_FOR_ALPHABLENDED_SHADOWS UNITY_PBS_USE_BRDF1 UNITY_SPECCUBE_BOX_PROJECTION UNITY_SPECCUBE_BLENDING UNITY_ENABLE_DETAIL_NORMALMAP SHADER_API_DESKTOP UNITY_COLORSPACE_GAMMA UNITY_LIGHT_PROBE_PROXY_VOLUME UNITY_LIGHTMAP_FULL_HDR ok=1
Cmd: compileSnippet
  api=14 type=0 insize=2104 outsize=2388 kw=DIRECTIONAL SHADOWS_SCREEN UNITY_HDR_ON pd=UNITY_ENABLE_REFLECTION_BUFFERS UNITY_USE_DITHER_MASK_FOR_ALPHABLENDED_SHADOWS UNITY_PBS_USE_BRDF1 UNITY_SPECCUBE_BOX_PROJECTION UNITY_SPECCUBE_BLENDING UNITY_ENABLE_DETAIL_NORMALMAP SHADER_API_DESKTOP UNITY_COLORSPACE_GAMMA UNITY_LIGHT_PROBE_PROXY_VOLUME UNITY_LIGHTMAP_FULL_HDR ok=1
Cmd: compileSnippet
  api=14 type=0 insize=7040 outsize=1069 kw= pd=UNITY_ENABLE_REFLECTION_BUFFERS UNITY_USE_DITHER_MASK_FOR_ALPHABLENDED_SHADOWS UNITY_PBS_USE_BRDF1 UNITY_SPECCUBE_BOX_PROJECTION UNITY_SPECCUBE_BLENDING UNITY_ENABLE_DETAIL_NORMALMAP SHADER_API_DESKTOP UNITY_COLORSPACE_GAMMA UNITY_LIGHT_PROBE_PROXY_VOLUME UNITY_LIGHTMAP_FULL_HDR ok=1
Cmd: compileSnippet
  api=14 type=0 insize=4008 outsize=1107 kw=FXAA_LOW pd=UNITY_ENABLE_REFLECTION_BUFFERS UNITY_USE_DITHER_MASK_FOR_ALPHABLENDED_SHADOWS UNITY_PBS_USE_BRDF1 UNITY_SPECCUBE_BOX_PROJECTION UNITY_SPECCUBE_BLENDING UNITY_ENABLE_DETAIL_NORMALMAP SHADER_API_DESKTOP UNITY_COLORSPACE_GAMMA UNITY_LIGHT_PROBE_PROXY_VOLUME UNITY_LIGHTMAP_FULL_HDR ok=1
Cmd: compileSnippet
  api=14 type=0 insize=1152 outsize=6289 kw=UNITY_PASS_SHADOWCASTER SHADOWS_DEPTH PROCEDURAL_INSTANCING_ON _ALPHABLEND_ON pd=UNITY_ENABLE_REFLECTION_BUFFERS UNITY_USE_DITHER_MASK_FOR_ALPHABLENDED_SHADOWS UNITY_PBS_USE_BRDF1 UNITY_SPECCUBE_BOX_PROJECTION UNITY_SPECCUBE_BLENDING UNITY_ENABLE_DETAIL_NORMALMAP SHADER_API_DESKTOP UNITY_COLORSPACE_GAMMA UNITY_LIGHT_PROBE_PROXY_VOLUME UNITY_LIGHTMAP_FULL_HDR ok=1
Cmd: compileSnippet
  api=14 type=1 insize=16577 outsize=1019 kw=_SUNDISK_NONE pd=UNITY_ENABLE_REFLECTION_BUFFERS UNITY_USE_DITHER_MASK_FOR_ALPHABLENDED_SHADOWS UNITY_PBS_USE_BRDF1 UNITY_SPECCUBE_BOX_PROJECTION UNITY_SPECCUBE_BLENDING UNITY_ENABLE_DETAIL_NORMALMAP SHADER_API_DESKTOP UNITY_COLORSPACE_GAMMA UNITY_LIGHT_PROBE_PROXY_VOLUME UNITY_LIGHTMAP_FULL_HDR ok=1
