Base path: '/Applications/Unity/Hub/Editor/2019.4.12f1/Unity.app/Contents', plugins path '/Applications/Unity/Hub/Editor/2019.4.12f1/PlaybackEngines'
Cmd: initializeCompiler
Cmd: compileComputeKernel
  api=14 insize=18731 outsize=9505 ok=1
Cmd: translateComputeKernel
  api=14 insize=9597 outsize=16417 ok=1
Cmd: translateComputeKernel
  api=14 insize=11742 outsize=25442 ok=1
Cmd: compileComputeKernel
  api=14 insize=5032 outsize=7304 ok=1
Cmd: compileComputeKernel
  api=14 insize=12109 outsize=3286 ok=1
Cmd: compileComputeKernel
  api=14 insize=12109 outsize=4255 ok=1
Cmd: translateComputeKernel
  api=14 insize=3038 outsize=2856 ok=1
Cmd: translateComputeKernel
  api=14 insize=4522 outsize=5724 ok=1
Cmd: compileComputeKernel
  api=14 insize=11985 outsize=2857 ok=1
Cmd: compileComputeKernel
  api=14 insize=11985 outsize=2853 ok=1
Cmd: compileComputeKernel
  api=14 insize=11985 outsize=2890 ok=1
Cmd: compileComputeKernel
  api=14 insize=11985 outsize=2999 ok=1
Cmd: translateComputeKernel
  api=14 insize=2927 outsize=3392 ok=1
Cmd: translateComputeKernel
  api=14 insize=2923 outsize=3393 ok=1
Cmd: translateComputeKernel
  api=14 insize=2960 outsize=3441 ok=1
Cmd: translateComputeKernel
  api=14 insize=2986 outsize=3472 ok=1
Cmd: compileComputeKernel
  api=14 insize=18301 outsize=3785 ok=1
Cmd: compileComputeKernel
  api=14 insize=18301 outsize=4651 ok=1
Cmd: translateComputeKernel
  api=14 insize=5117 outsize=8297 ok=1
Cmd: translateComputeKernel
  api=14 insize=7503 outsize=13545 ok=1
Cmd: compileComputeKernel
  api=14 insize=66874 outsize=4002 ok=1
Cmd: compileComputeKernel
  api=14 insize=66874 outsize=5415 ok=1
Cmd: compileComputeKernel
  api=14 insize=66874 outsize=4766 ok=1
Cmd: compileComputeKernel
  api=14 insize=66874 outsize=3821 ok=1
Cmd: compileComputeKernel
  api=14 insize=66874 outsize=3539 ok=1
Cmd: compileComputeKernel
  api=14 insize=66874 outsize=3933 ok=1
Cmd: compileComputeKernel
  api=14 insize=66874 outsize=3742 ok=1
Cmd: compileComputeKernel
  api=14 insize=66874 outsize=3419 ok=1
Cmd: compileComputeKernel
  api=14 insize=66874 outsize=3501 ok=1
Cmd: compileComputeKernel
  api=14 insize=66874 outsize=3515 ok=1
Cmd: compileComputeKernel
  api=14 insize=66874 outsize=4093 ok=1
Cmd: compileComputeKernel
  api=14 insize=66874 outsize=3416 ok=1
Cmd: compileComputeKernel
  api=14 insize=66874 outsize=4051 ok=1
Cmd: compileComputeKernel
  api=14 insize=66874 outsize=4491 ok=1
Cmd: compileComputeKernel
  api=14 insize=66874 outsize=4083 ok=1
Cmd: compileComputeKernel
  api=14 insize=66874 outsize=4085 ok=1
Cmd: compileComputeKernel
  api=14 insize=66874 outsize=4230 ok=1
Cmd: compileComputeKernel
  api=14 insize=66874 outsize=3526 ok=1
Cmd: compileComputeKernel
  api=14 insize=66874 outsize=5592 ok=1
Cmd: compileComputeKernel
  api=14 insize=66874 outsize=3994 ok=1
Cmd: compileComputeKernel
  api=14 insize=66874 outsize=4615 ok=1
Cmd: translateComputeKernel
  api=14 insize=5598 outsize=6685 ok=1
Cmd: translateComputeKernel
  api=14 insize=4447 outsize=4380 ok=1
Cmd: translateComputeKernel
  api=14 insize=4245 outsize=4038 ok=1
Cmd: translateComputeKernel
  api=14 insize=4220 outsize=4067 ok=1
Cmd: translateComputeKernel
  api=14 insize=4308 outsize=4255 ok=1
Cmd: translateComputeKernel
  api=14 insize=4364 outsize=4125 ok=1
Cmd: translateComputeKernel
  api=14 insize=4100 outsize=3707 ok=1
Cmd: translateComputeKernel
  api=14 insize=4098 outsize=3711 ok=1
Cmd: translateComputeKernel
  api=14 insize=4182 outsize=3840 ok=1
Cmd: translateComputeKernel
  api=14 insize=4333 outsize=4054 ok=1
Cmd: translateComputeKernel
  api=14 insize=4228 outsize=3945 ok=1
Cmd: translateComputeKernel
  api=14 insize=4301 outsize=4000 ok=1
Cmd: translateComputeKernel
  api=14 insize=4560 outsize=4476 ok=1
Cmd: translateComputeKernel
  api=14 insize=4393 outsize=4617 ok=1
Cmd: translateComputeKernel
  api=14 insize=4698 outsize=4961 ok=1
Cmd: translateComputeKernel
  api=14 insize=4698 outsize=4965 ok=1
Cmd: translateComputeKernel
  api=14 insize=4735 outsize=5013 ok=1
Cmd: translateComputeKernel
  api=14 insize=4876 outsize=5255 ok=1
Cmd: translateComputeKernel
  api=14 insize=4139 outsize=3758 ok=1
Cmd: translateComputeKernel
  api=14 insize=4114 outsize=3784 ok=1
Cmd: translateComputeKernel
  api=14 insize=6532 outsize=8649 ok=1
Cmd: translateComputeKernel
  api=14 insize=4181 outsize=3811 ok=1
Cmd: compileComputeKernel
  api=14 insize=2120 outsize=1472 ok=1
Cmd: translateComputeKernel
  api=14 insize=1477 outsize=2333 ok=1
Cmd: compileComputeKernel
  api=14 insize=72903 outsize=6767 ok=1
Cmd: translateComputeKernel
  api=14 insize=9640 outsize=17560 ok=1
Cmd: translateComputeKernel
  api=14 insize=3386 outsize=5942 ok=1
Cmd: translateComputeKernel
  api=14 insize=876 outsize=678 ok=1
Cmd: translateComputeKernel
  api=14 insize=1995 outsize=3376 ok=1
Cmd: compileComputeKernel
  api=14 insize=34089 outsize=2149 ok=1
Cmd: compileComputeKernel
  api=14 insize=34089 outsize=2247 ok=1
Cmd: compileComputeKernel
  api=14 insize=34089 outsize=2409 ok=1
Cmd: compileComputeKernel
  api=14 insize=34089 outsize=2231 ok=1
Cmd: compileComputeKernel
  api=14 insize=34089 outsize=2495 ok=1
Cmd: compileComputeKernel
  api=14 insize=34089 outsize=2268 ok=1
Cmd: compileComputeKernel
  api=14 insize=34089 outsize=2283 ok=1
Cmd: compileComputeKernel
  api=14 insize=34089 outsize=2764 ok=1
Cmd: compileComputeKernel
  api=14 insize=34089 outsize=3019 ok=1
Cmd: compileComputeKernel
  api=14 insize=34089 outsize=2969 ok=1
Cmd: compileComputeKernel
  api=14 insize=34089 outsize=2772 ok=1
Cmd: compileComputeKernel
  api=14 insize=34089 outsize=2831 ok=1
Cmd: compileComputeKernel
  api=14 insize=34089 outsize=2783 ok=1
Cmd: compileComputeKernel
  api=14 insize=34089 outsize=2818 ok=1
Cmd: compileComputeKernel
  api=14 insize=34089 outsize=2859 ok=1
Cmd: translateComputeKernel
  api=14 insize=2404 outsize=2141 ok=1
Cmd: translateComputeKernel
  api=14 insize=2402 outsize=2147 ok=1
Cmd: translateComputeKernel
  api=14 insize=1476 outsize=1304 ok=1
Cmd: translateComputeKernel
  api=14 insize=1875 outsize=1817 ok=1
Cmd: translateComputeKernel
  api=14 insize=2492 outsize=2252 ok=1
Cmd: translateComputeKernel
  api=14 insize=1403 outsize=1229 ok=1
Cmd: translateComputeKernel
  api=14 insize=2443 outsize=2212 ok=1
Cmd: translateComputeKernel
  api=14 insize=2954 outsize=3198 ok=1
Cmd: translateComputeKernel
  api=14 insize=3058 outsize=3535 ok=1
Cmd: translateComputeKernel
  api=14 insize=2939 outsize=3391 ok=1
Cmd: translateComputeKernel
  api=14 insize=2962 outsize=3232 ok=1
Cmd: translateComputeKernel
  api=14 insize=2881 outsize=3307 ok=1
Cmd: translateComputeKernel
  api=14 insize=2972 outsize=3237 ok=1
Cmd: translateComputeKernel
  api=14 insize=2961 outsize=3218 ok=1
Cmd: compileComputeKernel
  api=14 insize=79248 outsize=16236 ok=1
Cmd: compileComputeKernel
  api=14 insize=79248 outsize=35902 ok=1
Cmd: compileComputeKernel
  api=14 insize=79248 outsize=5149 ok=1
Cmd: compileComputeKernel
  api=14 insize=79248 outsize=2912 ok=1
Cmd: compileComputeKernel
  api=14 insize=79248 outsize=3309 ok=1
Cmd: compileComputeKernel
  api=14 insize=79248 outsize=6699 ok=1
Cmd: translateComputeKernel
  api=14 insize=16270 outsize=32154 ok=1
Cmd: translateComputeKernel
  api=14 insize=31780 outsize=59995 ok=1
Cmd: compileComputeKernel
  api=14 insize=4442 outsize=2948 ok=1
Cmd: translateComputeKernel
  api=14 insize=3006 outsize=3886 ok=1
Cmd: compileSnippet
  api=14 type=0 insize=1554 outsize=3793 kw=UNITY_PASS_DEFERRED LIGHTPROBE_SH _EMISSION UNITY_HDR_ON pd=UNITY_ENABLE_REFLECTION_BUFFERS UNITY_USE_DITHER_MASK_FOR_ALPHABLENDED_SHADOWS UNITY_PBS_USE_BRDF1 UNITY_SPECCUBE_BOX_PROJECTION UNITY_SPECCUBE_BLENDING UNITY_ENABLE_DETAIL_NORMALMAP SHADER_API_DESKTOP UNITY_COLORSPACE_GAMMA UNITY_LIGHT_PROBE_PROXY_VOLUME UNITY_LIGHTMAP_FULL_HDR ok=1
Cmd: compileSnippet
  api=14 type=1 insize=713 outsize=8957 kw= pd=UNITY_ENABLE_REFLECTION_BUFFERS UNITY_USE_DITHER_MASK_FOR_ALPHABLENDED_SHADOWS UNITY_PBS_USE_BRDF1 UNITY_SPECCUBE_BOX_PROJECTION UNITY_SPECCUBE_BLENDING UNITY_ENABLE_DETAIL_NORMALMAP SHADER_API_DESKTOP UNITY_COLORSPACE_GAMMA UNITY_LIGHT_PROBE_PROXY_VOLUME UNITY_LIGHTMAP_FULL_HDR ok=1
Cmd: compileSnippet
  api=14 type=1 insize=4765 outsize=2674 kw= pd=UNITY_ENABLE_REFLECTION_BUFFERS UNITY_USE_DITHER_MASK_FOR_ALPHABLENDED_SHADOWS UNITY_PBS_USE_BRDF1 UNITY_SPECCUBE_BOX_PROJECTION UNITY_SPECCUBE_BLENDING UNITY_ENABLE_DETAIL_NORMALMAP SHADER_API_DESKTOP UNITY_COLORSPACE_GAMMA UNITY_LIGHT_PROBE_PROXY_VOLUME UNITY_LIGHTMAP_FULL_HDR ok=1
Cmd: compileSnippet
  api=14 type=1 insize=4766 outsize=2078 kw= pd=UNITY_ENABLE_REFLECTION_BUFFERS UNITY_USE_DITHER_MASK_FOR_ALPHABLENDED_SHADOWS UNITY_PBS_USE_BRDF1 UNITY_SPECCUBE_BOX_PROJECTION UNITY_SPECCUBE_BLENDING UNITY_ENABLE_DETAIL_NORMALMAP SHADER_API_DESKTOP UNITY_COLORSPACE_GAMMA UNITY_LIGHT_PROBE_PROXY_VOLUME UNITY_LIGHTMAP_FULL_HDR ok=1
Cmd: compileSnippet
  api=14 type=0 insize=2992 outsize=2631 kw= pd=UNITY_ENABLE_REFLECTION_BUFFERS UNITY_USE_DITHER_MASK_FOR_ALPHABLENDED_SHADOWS UNITY_PBS_USE_BRDF1 UNITY_SPECCUBE_BOX_PROJECTION UNITY_SPECCUBE_BLENDING UNITY_ENABLE_DETAIL_NORMALMAP SHADER_API_DESKTOP UNITY_COLORSPACE_GAMMA UNITY_LIGHT_PROBE_PROXY_VOLUME UNITY_LIGHTMAP_FULL_HDR ok=1
