Base path: '/Applications/Unity/Hub/Editor/2019.4.12f1/Unity.app/Contents', plugins path '/Applications/Unity/Hub/Editor/2019.4.12f1/PlaybackEngines'
Cmd: initializeCompiler
Cmd: compileComputeKernel
  api=14 insize=18731 outsize=11294 ok=1
Cmd: translateComputeKernel
  api=14 insize=9370 outsize=16172 ok=1
Cmd: compileComputeKernel
  api=14 insize=1226 outsize=1412 ok=1
Cmd: translateComputeKernel
  api=14 insize=1199 outsize=1168 ok=1
Cmd: translateComputeKernel
  api=14 insize=5781 outsize=8388 ok=1
Cmd: compileComputeKernel
  api=14 insize=12109 outsize=2755 ok=1
Cmd: compileComputeKernel
  api=14 insize=12109 outsize=3671 ok=1
Cmd: compileComputeKernel
  api=14 insize=12109 outsize=3842 ok=1
Cmd: translateComputeKernel
  api=14 insize=3049 outsize=2942 ok=1
Cmd: translateComputeKernel
  api=14 insize=3470 outsize=3918 ok=1
Cmd: translateComputeKernel
  api=14 insize=3500 outsize=4222 ok=1
Cmd: compileComputeKernel
  api=14 insize=11985 outsize=2853 ok=1
Cmd: compileComputeKernel
  api=14 insize=11985 outsize=3008 ok=1
Cmd: compileComputeKernel
  api=14 insize=11985 outsize=2887 ok=1
Cmd: compileComputeKernel
  api=14 insize=11985 outsize=3004 ok=1
Cmd: translateComputeKernel
  api=14 insize=2923 outsize=3389 ok=1
Cmd: translateComputeKernel
  api=14 insize=2923 outsize=3393 ok=1
Cmd: translateComputeKernel
  api=14 insize=2957 outsize=3438 ok=1
Cmd: compileComputeKernel
  api=14 insize=18301 outsize=4919 ok=1
Cmd: compileComputeKernel
  api=14 insize=18301 outsize=7437 ok=1
Cmd: translateComputeKernel
  api=14 insize=3971 outsize=5377 ok=1
Cmd: translateComputeKernel
  api=14 insize=4985 outsize=8153 ok=1
Cmd: compileComputeKernel
  api=14 insize=11176 outsize=11289 ok=1
Cmd: translateComputeKernel
  api=14 insize=10544 outsize=18410 ok=1
Cmd: compileComputeKernel
  api=14 insize=66874 outsize=5115 ok=1
Cmd: compileComputeKernel
  api=14 insize=66874 outsize=3711 ok=1
Cmd: compileComputeKernel
  api=14 insize=66874 outsize=3766 ok=1
Cmd: compileComputeKernel
  api=14 insize=66874 outsize=3621 ok=1
Cmd: compileComputeKernel
  api=14 insize=66874 outsize=3821 ok=1
Cmd: compileComputeKernel
  api=14 insize=66874 outsize=3467 ok=1
Cmd: compileComputeKernel
  api=14 insize=66874 outsize=3933 ok=1
Cmd: compileComputeKernel
  api=14 insize=66874 outsize=3742 ok=1
Cmd: compileComputeKernel
  api=14 insize=66874 outsize=3419 ok=1
Cmd: compileComputeKernel
  api=14 insize=66874 outsize=3442 ok=1
Cmd: compileComputeKernel
  api=14 insize=66874 outsize=3652 ok=1
Cmd: compileComputeKernel
  api=14 insize=66874 outsize=3491 ok=1
Cmd: compileComputeKernel
  api=14 insize=66874 outsize=3443 ok=1
Cmd: compileComputeKernel
  api=14 insize=66874 outsize=3496 ok=1
Cmd: compileComputeKernel
  api=14 insize=66874 outsize=4051 ok=1
Cmd: compileComputeKernel
  api=14 insize=66874 outsize=4051 ok=1
Cmd: compileComputeKernel
  api=14 insize=66874 outsize=4080 ok=1
Cmd: compileComputeKernel
  api=14 insize=66874 outsize=4230 ok=1
Cmd: compileComputeKernel
  api=14 insize=66874 outsize=3473 ok=1
Cmd: compileComputeKernel
  api=14 insize=66874 outsize=5052 ok=1
Cmd: compileComputeKernel
  api=14 insize=66874 outsize=3912 ok=1
Cmd: compileComputeKernel
  api=14 insize=66874 outsize=3053 ok=1
Cmd: translateComputeKernel
  api=14 insize=4544 outsize=4261 ok=1
Cmd: translateComputeKernel
  api=14 insize=5898 outsize=7805 ok=1
Cmd: translateComputeKernel
  api=14 insize=4447 outsize=4372 ok=1
Cmd: translateComputeKernel
  api=14 insize=4273 outsize=3989 ok=1
Cmd: translateComputeKernel
  api=14 insize=4245 outsize=4037 ok=1
Cmd: translateComputeKernel
  api=14 insize=4754 outsize=5259 ok=1
Cmd: translateComputeKernel
  api=14 insize=4460 outsize=4598 ok=1
Cmd: translateComputeKernel
  api=14 insize=4364 outsize=4125 ok=1
Cmd: translateComputeKernel
  api=14 insize=4100 outsize=3707 ok=1
Cmd: translateComputeKernel
  api=14 insize=4100 outsize=3705 ok=1
Cmd: translateComputeKernel
  api=14 insize=4098 outsize=3711 ok=1
Cmd: translateComputeKernel
  api=14 insize=4182 outsize=3840 ok=1
Cmd: translateComputeKernel
  api=14 insize=4333 outsize=4054 ok=1
Cmd: translateComputeKernel
  api=14 insize=4134 outsize=3751 ok=1
Cmd: translateComputeKernel
  api=14 insize=4707 outsize=4852 ok=1
Cmd: translateComputeKernel
  api=14 insize=4124 outsize=3749 ok=1
Cmd: translateComputeKernel
  api=14 insize=4141 outsize=3771 ok=1
Cmd: translateComputeKernel
  api=14 insize=4698 outsize=4961 ok=1
Cmd: translateComputeKernel
  api=14 insize=4698 outsize=4961 ok=1
Cmd: translateComputeKernel
  api=14 insize=4698 outsize=4965 ok=1
Cmd: translateComputeKernel
  api=14 insize=4730 outsize=5007 ok=1
Cmd: translateComputeKernel
  api=14 insize=4727 outsize=5004 ok=1
Cmd: translateComputeKernel
  api=14 insize=4877 outsize=5255 ok=1
Cmd: translateComputeKernel
  api=14 insize=4154 outsize=3872 ok=1
Cmd: translateComputeKernel
  api=14 insize=4154 outsize=3857 ok=1
Cmd: translateComputeKernel
  api=14 insize=4115 outsize=3770 ok=1
Cmd: translateComputeKernel
  api=14 insize=6190 outsize=8171 ok=1
Cmd: translateComputeKernel
  api=14 insize=4234 outsize=3913 ok=1
Cmd: translateComputeKernel
  api=14 insize=4181 outsize=3801 ok=1
Cmd: translateComputeKernel
  api=14 insize=5368 outsize=6273 ok=1
Cmd: compileComputeKernel
  api=14 insize=2134 outsize=812 ok=1
Cmd: compileComputeKernel
  api=14 insize=72903 outsize=9640 ok=1
Cmd: translateComputeKernel
  api=14 insize=14069 outsize=26750 ok=1
Cmd: compileComputeKernel
  api=14 insize=34089 outsize=2146 ok=1
Cmd: compileComputeKernel
  api=14 insize=34089 outsize=2152 ok=1
Cmd: compileComputeKernel
  api=14 insize=34089 outsize=2183 ok=1
Cmd: compileComputeKernel
  api=14 insize=34089 outsize=2382 ok=1
Cmd: compileComputeKernel
  api=14 insize=34089 outsize=2327 ok=1
Cmd: compileComputeKernel
  api=14 insize=34089 outsize=2268 ok=1
Cmd: compileComputeKernel
  api=14 insize=34089 outsize=2303 ok=1
Cmd: compileComputeKernel
  api=14 insize=34089 outsize=2607 ok=1
Cmd: compileComputeKernel
  api=14 insize=34089 outsize=2770 ok=1
Cmd: compileComputeKernel
  api=14 insize=34089 outsize=2956 ok=1
Cmd: compileComputeKernel
  api=14 insize=34089 outsize=2818 ok=1
Cmd: compileComputeKernel
  api=14 insize=34089 outsize=2874 ok=1
Cmd: compileComputeKernel
  api=14 insize=34089 outsize=2720 ok=1
Cmd: compileComputeKernel
  api=14 insize=34089 outsize=2693 ok=1
Cmd: compileComputeKernel
  api=14 insize=34089 outsize=3090 ok=1
Cmd: translateComputeKernel
  api=14 insize=2344 outsize=2030 ok=1
Cmd: translateComputeKernel
  api=14 insize=1409 outsize=1263 ok=1
Cmd: translateComputeKernel
  api=14 insize=2799 outsize=2665 ok=1
Cmd: translateComputeKernel
  api=14 insize=1558 outsize=1450 ok=1
Cmd: translateComputeKernel
  api=14 insize=2368 outsize=2069 ok=1
Cmd: translateComputeKernel
  api=14 insize=2396 outsize=2107 ok=1
Cmd: translateComputeKernel
  api=14 insize=2445 outsize=2207 ok=1
Cmd: translateComputeKernel
  api=14 insize=2954 outsize=3198 ok=1
Cmd: translateComputeKernel
  api=14 insize=3121 outsize=3447 ok=1
Cmd: translateComputeKernel
  api=14 insize=2979 outsize=3417 ok=1
Cmd: translateComputeKernel
  api=14 insize=3068 outsize=3394 ok=1
Cmd: translateComputeKernel
  api=14 insize=2944 outsize=3196 ok=1
Cmd: translateComputeKernel
  api=14 insize=2854 outsize=3272 ok=1
Cmd: translateComputeKernel
  api=14 insize=3251 outsize=3750 ok=1
Cmd: compileComputeKernel
  api=14 insize=79248 outsize=9108 ok=1
Cmd: compileComputeKernel
  api=14 insize=79248 outsize=28414 ok=1
Cmd: translateComputeKernel
  api=14 insize=9142 outsize=17558 ok=1
Cmd: translateComputeKernel
  api=14 insize=23596 outsize=49123 ok=1
Cmd: translateComputeKernel
  api=14 insize=26640 outsize=54898 ok=1
Cmd: compileComputeKernel
  api=14 insize=4442 outsize=2948 ok=1
Cmd: translateComputeKernel
  api=14 insize=3006 outsize=3859 ok=1
Cmd: compileSnippet
  api=14 type=1 insize=1554 outsize=5738 kw=UNITY_PASS_DEFERRED LIGHTPROBE_SH _EMISSION UNITY_HDR_ON pd=UNITY_ENABLE_REFLECTION_BUFFERS UNITY_USE_DITHER_MASK_FOR_ALPHABLENDED_SHADOWS UNITY_PBS_USE_BRDF1 UNITY_SPECCUBE_BOX_PROJECTION UNITY_SPECCUBE_BLENDING UNITY_ENABLE_DETAIL_NORMALMAP SHADER_API_DESKTOP UNITY_COLORSPACE_GAMMA UNITY_LIGHT_PROBE_PROXY_VOLUME UNITY_LIGHTMAP_FULL_HDR ok=1
Cmd: compileSnippet
  api=14 type=1 insize=679 outsize=5017 kw= pd=UNITY_ENABLE_REFLECTION_BUFFERS UNITY_USE_DITHER_MASK_FOR_ALPHABLENDED_SHADOWS UNITY_PBS_USE_BRDF1 UNITY_SPECCUBE_BOX_PROJECTION UNITY_SPECCUBE_BLENDING UNITY_ENABLE_DETAIL_NORMALMAP SHADER_API_DESKTOP UNITY_COLORSPACE_GAMMA UNITY_LIGHT_PROBE_PROXY_VOLUME UNITY_LIGHTMAP_FULL_HDR ok=1
Cmd: compileSnippet
  api=14 type=1 insize=2104 outsize=6808 kw=DIRECTIONAL SHADOWS_SCREEN UNITY_HDR_ON pd=UNITY_ENABLE_REFLECTION_BUFFERS UNITY_USE_DITHER_MASK_FOR_ALPHABLENDED_SHADOWS UNITY_PBS_USE_BRDF1 UNITY_SPECCUBE_BOX_PROJECTION UNITY_SPECCUBE_BLENDING UNITY_ENABLE_DETAIL_NORMALMAP SHADER_API_DESKTOP UNITY_COLORSPACE_GAMMA UNITY_LIGHT_PROBE_PROXY_VOLUME UNITY_LIGHTMAP_FULL_HDR ok=1
Cmd: compileSnippet
  api=14 type=0 insize=6841 outsize=6231 kw= pd=UNITY_ENABLE_REFLECTION_BUFFERS UNITY_USE_DITHER_MASK_FOR_ALPHABLENDED_SHADOWS UNITY_PBS_USE_BRDF1 UNITY_SPECCUBE_BOX_PROJECTION UNITY_SPECCUBE_BLENDING UNITY_ENABLE_DETAIL_NORMALMAP SHADER_API_DESKTOP UNITY_COLORSPACE_GAMMA UNITY_LIGHT_PROBE_PROXY_VOLUME UNITY_LIGHTMAP_FULL_HDR ok=1
